<?xml version="1.0" encoding="UTF-8"?>
<!-- Generated by org.testng.reporters.JUnitXMLReporter -->
<testsuite ignored="0" hostname="DESKTOP-B66TLLE" failures="1" tests="8" name="Surefire test" time="10.081" errors="0" timestamp="2023-12-22T09:49:55 CET">
  <testcase classname="com.sergii.tests.ApiTests" name="deleteMethodCheck" time="4.327"/>
  <testcase classname="com.sergii.tests.ApiTests" name="getSingleResource" time="0.509"/>
  <testcase classname="com.sergii.tests.ApiTests" name="patchMethodCheck" time="0.203"/>
  <testcase classname="com.sergii.tests.ApiTests" name="postCreate" time="0.304"/>
  <testcase classname="com.sergii.tests.ApiTests" name="putUpdate" time="0.229"/>
  <testcase classname="com.sergii.tests.ApiTests" name="verifyBodyOfGetSingleResource" time="1.415"/>
  <testcase classname="com.sergii.tests.ApiTests" name="verifyBodyOfPostCreate" time="0.401">
    <failure type="java.lang.AssertionError" message="Data are not equals expected [RootPost(name=Test, job=AQA, id=2, createdAt=2023-12-17T10:37:05.070Z)] but found [RootPost(name=null, job=null, id=2, createdAt=2023-12-17T10:37:05.070Z)]">
      <![CDATA[java.lang.AssertionError: Data are not equals expected [RootPost(name=Test, job=AQA, id=2, createdAt=2023-12-17T10:37:05.070Z)] but found [RootPost(name=null, job=null, id=2, createdAt=2023-12-17T10:37:05.070Z)]
at com.sergii.tests.ApiTests.verifyBodyOfPostCreate(ApiTests.java:120)
at java.base/java.util.ArrayList.forEach(ArrayList.java:1596)
... Removed 34 stack frames]]>
    </failure>
  </testcase> <!-- verifyBodyOfPostCreate -->
  <testcase classname="com.sergii.tests.ApiTests" name="verifyBodyOfPutUpdate" time="0.199"/>
</testsuite> <!-- Surefire test -->
