<?xml version="1.0" encoding="UTF-8"?>
<testng-results ignored="0" total="2" passed="2" failed="0" skipped="0">
  <reporter-output>
  </reporter-output>
  <suite started-at="2024-01-09T17:48:53 CET" name="Surefire suite" finished-at="2024-01-09T17:49:00 CET" duration-ms="7218">
    <groups>
      <group name="cucumber">
        <method signature="AbstractTestNGCucumberTests.runScenario(io.cucumber.testng.PickleWrapper,io.cucumber.testng.FeatureWrapper)[pri:0, instance:com.sergii.runner.Runner@687e6293]" name="runScenario" class="io.cucumber.testng.AbstractTestNGCucumberTests"/>
      </group> <!-- cucumber -->
    </groups>
    <test started-at="2024-01-09T17:48:53 CET" name="Surefire test" finished-at="2024-01-09T17:49:00 CET" duration-ms="7218">
      <class name="com.sergii.runner.Runner">
        <test-method is-config="true" signature="setUpClass(org.testng.ITestContext)[pri:0, instance:com.sergii.runner.Runner@687e6293]" started-at="2024-01-09T17:48:53 CET" name="setUpClass" finished-at="2024-01-09T17:48:55 CET" duration-ms="1581" status="PASS">
          <params>
            <param index="0">
              <value>
                <![CDATA[org.testng.TestRunner@78652c15]]>
              </value>
            </param>
          </params>
          <reporter-output>
          </reporter-output>
        </test-method> <!-- setUpClass -->
        <test-method signature="runScenario(io.cucumber.testng.PickleWrapper,io.cucumber.testng.FeatureWrapper)[pri:0, instance:com.sergii.runner.Runner@687e6293]" started-at="2024-01-09T17:48:55 CET" name="runScenario" description="Runs Cucumber Scenarios" data-provider="scenarios" finished-at="2024-01-09T17:49:00 CET" duration-ms="5068" status="PASS">
          <params>
            <param index="0">
              <value>
                <![CDATA["First BDD test"]]>
              </value>
            </param>
            <param index="1">
              <value>
                <![CDATA["Unknown"]]>
              </value>
            </param>
          </params>
          <reporter-output>
          </reporter-output>
        </test-method> <!-- runScenario -->
        <test-method signature="runScenario(io.cucumber.testng.PickleWrapper,io.cucumber.testng.FeatureWrapper)[pri:0, instance:com.sergii.runner.Runner@687e6293]" started-at="2024-01-09T17:49:00 CET" name="runScenario" description="Runs Cucumber Scenarios" data-provider="scenarios" finished-at="2024-01-09T17:49:00 CET" duration-ms="183" status="PASS">
          <params>
            <param index="0">
              <value>
                <![CDATA["Second BDD test"]]>
              </value>
            </param>
            <param index="1">
              <value>
                <![CDATA["Unknown"]]>
              </value>
            </param>
          </params>
          <reporter-output>
          </reporter-output>
        </test-method> <!-- runScenario -->
        <test-method is-config="true" signature="tearDownClass()[pri:0, instance:com.sergii.runner.Runner@687e6293]" started-at="2024-01-09T17:49:00 CET" name="tearDownClass" finished-at="2024-01-09T17:49:00 CET" duration-ms="73" status="PASS">
          <reporter-output>
          </reporter-output>
        </test-method> <!-- tearDownClass -->
      </class> <!-- com.sergii.runner.Runner -->
    </test> <!-- Surefire test -->
  </suite> <!-- Surefire suite -->
</testng-results>
