<?xml version="1.0" encoding="UTF-8"?>
<testsuite xmlns:xsi="http://www.w3.org/2001/XMLSchema-instance" xsi:noNamespaceSchemaLocation="https://maven.apache.org/surefire/maven-surefire-plugin/xsd/surefire-test-report-3.0.xsd" version="3.0" name="TestSuite" time="9.768" tests="8" errors="0" skipped="0" failures="1">
  <properties>
[...]
</properties>
  <testcase name="deleteMethodCheck" classname="com.sergii.tests.ApiTests" time="2.464">
    <system-out><![CDATA[HTTP/1.1 204 No Content
Date: Tue, 02 Jan 2024 13:15:14 GMT
Content-Length: 0
Connection: keep-alive
Report-To: {"group":"heroku-nel","max_age":3600,"endpoints":[{"url":"https://nel.heroku.com/reports?ts=1704201314&sid=c4c9725f-1ab0-44d8-820f-430df2718e11&s=4eDGV0TN53CxI6Da42bMiH4fpuqlaNtf0OKsEJiDuSE%3D"}]}
Reporting-Endpoints: heroku-nel=https://nel.heroku.com/reports?ts=1704201314&sid=c4c9725f-1ab0-44d8-820f-430df2718e11&s=4eDGV0TN53CxI6Da42bMiH4fpuqlaNtf0OKsEJiDuSE%3D
Nel: {"report_to":"heroku-nel","max_age":3600,"success_fraction":0.005,"failure_fraction":0.05,"response_headers":["Via"]}
X-Powered-By: Express
Access-Control-Allow-Origin: *
Etag: W/"2-vyGp6PvFo4RvsFtPoIWeCReyIC8"
Via: 1.1 vegur
CF-Cache-Status: DYNAMIC
Server: cloudflare
CF-RAY: 83f345052e782156-MAD
]]></system-out>
  </testcase>
  <testcase name="getSingleResource" classname="com.sergii.tests.ApiTests" time="0.24">
    <system-out><![CDATA[HTTP/1.1 200 OK
Date: Tue, 02 Jan 2024 13:15:14 GMT
Content-Type: application/json; charset=utf-8
Transfer-Encoding: chunked
Connection: keep-alive
Report-To: {"group":"heroku-nel","max_age":3600,"endpoints":[{"url":"https://nel.heroku.com/reports?ts=1704194500&sid=c4c9725f-1ab0-44d8-820f-430df2718e11&s=si9WI72I%2FCi8SuO9tlKk0v%2FBW6o1lAXs0FUt7eROBEk%3D"}]}
Reporting-Endpoints: heroku-nel=https://nel.heroku.com/reports?ts=1704194500&sid=c4c9725f-1ab0-44d8-820f-430df2718e11&s=si9WI72I%2FCi8SuO9tlKk0v%2FBW6o1lAXs0FUt7eROBEk%3D
Nel: {"report_to":"heroku-nel","max_age":3600,"success_fraction":0.005,"failure_fraction":0.05,"response_headers":["Via"]}
X-Powered-By: Express
Access-Control-Allow-Origin: *
Etag: W/"e8-ov4wWh4/OY1IMQMqWgskYtOFnVs"
Via: 1.1 vegur
Cache-Control: max-age=14400
CF-Cache-Status: HIT
Age: 6814
Vary: Accept-Encoding
Server: cloudflare
CF-RAY: 83f34507cf7903a8-MAD
Content-Encoding: gzip

{
    "data": {
        "id": 2,
        "name": "fuchsia rose",
        "year": 2001,
        "color": "#C74375",
        "pantone_value": "17-2031"
    },
    "support": {
        "url": "https://reqres.in/#support-heading",
        "text": "To keep ReqRes free, contributions towards server costs are appreciated!"
    }
}
]]></system-out>
  </testcase>
  <testcase name="patchMethodCheck" classname="com.sergii.tests.ApiTests" time="0.189">
    <system-out><![CDATA[HTTP/1.1 200 OK
Date: Tue, 02 Jan 2024 13:15:14 GMT
Content-Type: application/json; charset=utf-8
Content-Length: 40
Connection: keep-alive
Report-To: {"group":"heroku-nel","max_age":3600,"endpoints":[{"url":"https://nel.heroku.com/reports?ts=1704201314&sid=c4c9725f-1ab0-44d8-820f-430df2718e11&s=4eDGV0TN53CxI6Da42bMiH4fpuqlaNtf0OKsEJiDuSE%3D"}]}
Reporting-Endpoints: heroku-nel=https://nel.heroku.com/reports?ts=1704201314&sid=c4c9725f-1ab0-44d8-820f-430df2718e11&s=4eDGV0TN53CxI6Da42bMiH4fpuqlaNtf0OKsEJiDuSE%3D
Nel: {"report_to":"heroku-nel","max_age":3600,"success_fraction":0.005,"failure_fraction":0.05,"response_headers":["Via"]}
X-Powered-By: Express
Access-Control-Allow-Origin: *
Etag: W/"28-i2WULYpspkybtWtXZnHXE62pI4Y"
Via: 1.1 vegur
CF-Cache-Status: DYNAMIC
Server: cloudflare
CF-RAY: 83f345094ebd2f98-MAD

{
    "updatedAt": "2024-01-02T13:15:14.844Z"
}
]]></system-out>
  </testcase>
  <testcase name="postCreate" classname="com.sergii.tests.ApiTests" time="0.321">
    <system-out><![CDATA[HTTP/1.1 201 Created
Date: Tue, 02 Jan 2024 13:15:15 GMT
Content-Type: application/json; charset=utf-8
Content-Length: 51
Connection: keep-alive
Report-To: {"group":"heroku-nel","max_age":3600,"endpoints":[{"url":"https://nel.heroku.com/reports?ts=1704201315&sid=c4c9725f-1ab0-44d8-820f-430df2718e11&s=ZvASAdVGl1JUBzqBuO9uPbm8beoqxIihIvkK3qzNFdE%3D"}]}
Reporting-Endpoints: heroku-nel=https://nel.heroku.com/reports?ts=1704201315&sid=c4c9725f-1ab0-44d8-820f-430df2718e11&s=ZvASAdVGl1JUBzqBuO9uPbm8beoqxIihIvkK3qzNFdE%3D
Nel: {"report_to":"heroku-nel","max_age":3600,"success_fraction":0.005,"failure_fraction":0.05,"response_headers":["Via"]}
X-Powered-By: Express
Access-Control-Allow-Origin: *
Etag: W/"33-yp+L3klJIQjSD9dRox/0K6GKqok"
Via: 1.1 vegur
CF-Cache-Status: DYNAMIC
Server: cloudflare
CF-RAY: 83f3450b3b321ba2-MAD

{
    "id": "429",
    "createdAt": "2024-01-02T13:15:15.152Z"
}
]]></system-out>
  </testcase>
  <testcase name="putUpdate" classname="com.sergii.tests.ApiTests" time="0.158">
    <system-out><![CDATA[HTTP/1.1 200 OK
Date: Tue, 02 Jan 2024 13:15:15 GMT
Content-Type: application/json; charset=utf-8
Content-Length: 40
Connection: keep-alive
Report-To: {"group":"heroku-nel","max_age":3600,"endpoints":[{"url":"https://nel.heroku.com/reports?ts=1704201315&sid=c4c9725f-1ab0-44d8-820f-430df2718e11&s=ZvASAdVGl1JUBzqBuO9uPbm8beoqxIihIvkK3qzNFdE%3D"}]}
Reporting-Endpoints: heroku-nel=https://nel.heroku.com/reports?ts=1704201315&sid=c4c9725f-1ab0-44d8-820f-430df2718e11&s=ZvASAdVGl1JUBzqBuO9uPbm8beoqxIihIvkK3qzNFdE%3D
Nel: {"report_to":"heroku-nel","max_age":3600,"success_fraction":0.005,"failure_fraction":0.05,"response_headers":["Via"]}
X-Powered-By: Express
Access-Control-Allow-Origin: *
Etag: W/"28-/ogMP8hWKCf6MfA7nawhRv2lDAY"
Via: 1.1 vegur
CF-Cache-Status: DYNAMIC
Vary: Accept-Encoding
Server: cloudflare
CF-RAY: 83f3450c6de166a7-MAD

{
    "updatedAt": "2024-01-02T13:15:15.333Z"
}
]]></system-out>
  </testcase>
  <testcase name="verifyBodyOfGetSingleResource" classname="com.sergii.tests.ApiTests" time="1.026"/>
  <testcase name="verifyBodyOfPostCreate" classname="com.sergii.tests.ApiTests" time="0.206"/>
  <testcase name="verifyBodyOfPutUpdate" classname="com.sergii.tests.ApiTests" time="0.275">
    <failure message="Data are not equals expected [ResponsePut(name=Test, job=AQA, updatedAt=2023-12-17T12:14:01.616Z)] but found [ResponsePut(name=null, job=null, updatedAt=2024-01-02T13:15:16.797Z)]" type="java.lang.AssertionError"><![CDATA[java.lang.AssertionError: Data are not equals expected [ResponsePut(name=Test, job=AQA, updatedAt=2023-12-17T12:14:01.616Z)] but found [ResponsePut(name=null, job=null, updatedAt=2024-01-02T13:15:16.797Z)]
	at org.testng.Assert.fail(Assert.java:111)
	at org.testng.Assert.failNotEquals(Assert.java:1578)
	at org.testng.Assert.assertEqualsImpl(Assert.java:150)
	at org.testng.Assert.assertEquals(Assert.java:132)
	at com.sergii.tests.ApiTests.verifyBodyOfPutUpdate(ApiTests.java:158)
	at java.base/jdk.internal.reflect.NativeMethodAccessorImpl.invoke0(Native Method)
	at java.base/jdk.internal.reflect.NativeMethodAccessorImpl.invoke(NativeMethodAccessorImpl.java:62)
	at java.base/jdk.internal.reflect.DelegatingMethodAccessorImpl.invoke(DelegatingMethodAccessorImpl.java:43)
	at java.base/java.lang.reflect.Method.invoke(Method.java:566)
	at org.testng.internal.invokers.MethodInvocationHelper.invokeMethod(MethodInvocationHelper.java:139)
	at org.testng.internal.invokers.TestInvoker.invokeMethod(TestInvoker.java:664)
	at org.testng.internal.invokers.TestInvoker.invokeTestMethod(TestInvoker.java:227)
	at org.testng.internal.invokers.MethodRunner.runInSequence(MethodRunner.java:50)
	at org.testng.internal.invokers.TestInvoker$MethodInvocationAgent.invoke(TestInvoker.java:957)
	at org.testng.internal.invokers.TestInvoker.invokeTestMethods(TestInvoker.java:200)
	at org.testng.internal.invokers.TestMethodWorker.invokeTestMethods(TestMethodWorker.java:148)
	at org.testng.internal.invokers.TestMethodWorker.run(TestMethodWorker.java:128)
	at java.base/java.util.ArrayList.forEach(ArrayList.java:1541)
	at org.testng.TestRunner.privateRun(TestRunner.java:848)
	at org.testng.TestRunner.run(TestRunner.java:621)
	at org.testng.SuiteRunner.runTest(SuiteRunner.java:443)
	at org.testng.SuiteRunner.runSequentially(SuiteRunner.java:437)
	at org.testng.SuiteRunner.privateRun(SuiteRunner.java:397)
	at org.testng.SuiteRunner.run(SuiteRunner.java:336)
	at org.testng.SuiteRunnerWorker.runSuite(SuiteRunnerWorker.java:52)
	at org.testng.SuiteRunnerWorker.run(SuiteRunnerWorker.java:95)
	at org.testng.TestNG.runSuitesSequentially(TestNG.java:1280)
	at org.testng.TestNG.runSuitesLocally(TestNG.java:1200)
	at org.testng.TestNG.runSuites(TestNG.java:1114)
	at org.testng.TestNG.run(TestNG.java:1082)
	at org.apache.maven.surefire.testng.TestNGExecutor.run(TestNGExecutor.java:155)
	at org.apache.maven.surefire.testng.TestNGDirectoryTestSuite.executeMulti(TestNGDirectoryTestSuite.java:169)
	at org.apache.maven.surefire.testng.TestNGDirectoryTestSuite.execute(TestNGDirectoryTestSuite.java:88)
	at org.apache.maven.surefire.testng.TestNGProvider.invoke(TestNGProvider.java:137)
	at org.apache.maven.surefire.booter.ForkedBooter.runSuitesInProcess(ForkedBooter.java:385)
	at org.apache.maven.surefire.booter.ForkedBooter.execute(ForkedBooter.java:162)
	at org.apache.maven.surefire.booter.ForkedBooter.run(ForkedBooter.java:507)
	at org.apache.maven.surefire.booter.ForkedBooter.main(ForkedBooter.java:495)
]]></failure>
  </testcase>
</testsuite>