<?xml version="1.0" encoding="UTF-8"?>
<testsuite xmlns:xsi="http://www.w3.org/2001/XMLSchema-instance" xsi:noNamespaceSchemaLocation="https://maven.apache.org/surefire/maven-surefire-plugin/xsd/surefire-test-report-3.0.xsd" version="3.0" name="TestSuite" time="16.249" tests="8" errors="0" skipped="0" failures="1">
  <properties>
[...]
</properties>
  <testcase name="deleteMethodCheck" classname="com.sergii.tests.ApiTests" time="4.374">
    <system-out><![CDATA[HTTP/1.1 204 No Content
Date: Fri, 22 Dec 2023 08:49:51 GMT
Content-Length: 0
Connection: keep-alive
Report-To: {"group":"heroku-nel","max_age":3600,"endpoints":[{"url":"https://nel.heroku.com/reports?ts=1703234991&sid=c4c9725f-1ab0-44d8-820f-430df2718e11&s=wrlMZIZmB5H04f9rrO80UB7jBdfXH1jGYQXUrjDU4MQ%3D"}]}
Reporting-Endpoints: heroku-nel=https://nel.heroku.com/reports?ts=1703234991&sid=c4c9725f-1ab0-44d8-820f-430df2718e11&s=wrlMZIZmB5H04f9rrO80UB7jBdfXH1jGYQXUrjDU4MQ%3D
Nel: {"report_to":"heroku-nel","max_age":3600,"success_fraction":0.005,"failure_fraction":0.05,"response_headers":["Via"]}
X-Powered-By: Express
Access-Control-Allow-Origin: *
Etag: W/"2-vyGp6PvFo4RvsFtPoIWeCReyIC8"
Via: 1.1 vegur
CF-Cache-Status: DYNAMIC
Server: cloudflare
CF-RAY: 83971d264d0871f9-MAD
]]></system-out>
  </testcase>
  <testcase name="getSingleResource" classname="com.sergii.tests.ApiTests" time="0.508">
    <system-out><![CDATA[HTTP/1.1 200 OK
Date: Fri, 22 Dec 2023 08:49:51 GMT
Content-Type: application/json; charset=utf-8
Transfer-Encoding: chunked
Connection: keep-alive
Report-To: {"group":"heroku-nel","max_age":3600,"endpoints":[{"url":"https://nel.heroku.com/reports?ts=1702887612&sid=c4c9725f-1ab0-44d8-820f-430df2718e11&s=eGTQRtCYfg8VMM%2BnXxh88NB6OBmMOVAYCqbS5nnxoiI%3D"}]}
Reporting-Endpoints: heroku-nel=https://nel.heroku.com/reports?ts=1702887612&sid=c4c9725f-1ab0-44d8-820f-430df2718e11&s=eGTQRtCYfg8VMM%2BnXxh88NB6OBmMOVAYCqbS5nnxoiI%3D
Nel: {"report_to":"heroku-nel","max_age":3600,"success_fraction":0.005,"failure_fraction":0.05,"response_headers":["Via"]}
X-Powered-By: Express
Access-Control-Allow-Origin: *
Etag: W/"e8-ov4wWh4/OY1IMQMqWgskYtOFnVs"
Via: 1.1 vegur
Cache-Control: max-age=14400
CF-Cache-Status: REVALIDATED
Vary: Accept-Encoding
Server: cloudflare
CF-RAY: 83971d2a4ea83153-MAD
Content-Encoding: gzip

{
    "data": {
        "id": 2,
        "name": "fuchsia rose",
        "year": 2001,
        "color": "#C74375",
        "pantone_value": "17-2031"
    },
    "support": {
        "url": "https://reqres.in/#support-heading",
        "text": "To keep ReqRes free, contributions towards server costs are appreciated!"
    }
}
]]></system-out>
  </testcase>
  <testcase name="patchMethodCheck" classname="com.sergii.tests.ApiTests" time="0.21">
    <system-out><![CDATA[HTTP/1.1 200 OK
Date: Fri, 22 Dec 2023 08:49:52 GMT
Content-Type: application/json; charset=utf-8
Content-Length: 40
Connection: keep-alive
Report-To: {"group":"heroku-nel","max_age":3600,"endpoints":[{"url":"https://nel.heroku.com/reports?ts=1703234992&sid=c4c9725f-1ab0-44d8-820f-430df2718e11&s=8gwmX9Ve64zPS3XsBLaqtDCQ77BDu9bfoU8r27Ov1DU%3D"}]}
Reporting-Endpoints: heroku-nel=https://nel.heroku.com/reports?ts=1703234992&sid=c4c9725f-1ab0-44d8-820f-430df2718e11&s=8gwmX9Ve64zPS3XsBLaqtDCQ77BDu9bfoU8r27Ov1DU%3D
Nel: {"report_to":"heroku-nel","max_age":3600,"success_fraction":0.005,"failure_fraction":0.05,"response_headers":["Via"]}
X-Powered-By: Express
Access-Control-Allow-Origin: *
Etag: W/"28-m+TwIwJ3y7yla1twQa/bshAILeE"
Via: 1.1 vegur
CF-Cache-Status: DYNAMIC
Server: cloudflare
CF-RAY: 83971d2d9b1a661d-MAD

{
    "updatedAt": "2023-12-22T08:49:52.322Z"
}
]]></system-out>
  </testcase>
  <testcase name="postCreate" classname="com.sergii.tests.ApiTests" time="0.313">
    <system-out><![CDATA[HTTP/1.1 201 Created
Date: Fri, 22 Dec 2023 08:49:52 GMT
Content-Type: application/json; charset=utf-8
Content-Length: 51
Connection: keep-alive
Report-To: {"group":"heroku-nel","max_age":3600,"endpoints":[{"url":"https://nel.heroku.com/reports?ts=1703234992&sid=c4c9725f-1ab0-44d8-820f-430df2718e11&s=8gwmX9Ve64zPS3XsBLaqtDCQ77BDu9bfoU8r27Ov1DU%3D"}]}
Reporting-Endpoints: heroku-nel=https://nel.heroku.com/reports?ts=1703234992&sid=c4c9725f-1ab0-44d8-820f-430df2718e11&s=8gwmX9Ve64zPS3XsBLaqtDCQ77BDu9bfoU8r27Ov1DU%3D
Nel: {"report_to":"heroku-nel","max_age":3600,"success_fraction":0.005,"failure_fraction":0.05,"response_headers":["Via"]}
X-Powered-By: Express
Access-Control-Allow-Origin: *
Etag: W/"33-fUMVuBijXSKCwMoySmC/2GSzhns"
Via: 1.1 vegur
CF-Cache-Status: DYNAMIC
Server: cloudflare
CF-RAY: 83971d2f7c126671-MAD

{
    "id": "698",
    "createdAt": "2023-12-22T08:49:52.633Z"
}
]]></system-out>
  </testcase>
  <testcase name="putUpdate" classname="com.sergii.tests.ApiTests" time="0.238">
    <system-out><![CDATA[HTTP/1.1 200 OK
Date: Fri, 22 Dec 2023 08:49:52 GMT
Content-Type: application/json; charset=utf-8
Content-Length: 40
Connection: keep-alive
Report-To: {"group":"heroku-nel","max_age":3600,"endpoints":[{"url":"https://nel.heroku.com/reports?ts=1703234992&sid=c4c9725f-1ab0-44d8-820f-430df2718e11&s=8gwmX9Ve64zPS3XsBLaqtDCQ77BDu9bfoU8r27Ov1DU%3D"}]}
Reporting-Endpoints: heroku-nel=https://nel.heroku.com/reports?ts=1703234992&sid=c4c9725f-1ab0-44d8-820f-430df2718e11&s=8gwmX9Ve64zPS3XsBLaqtDCQ77BDu9bfoU8r27Ov1DU%3D
Nel: {"report_to":"heroku-nel","max_age":3600,"success_fraction":0.005,"failure_fraction":0.05,"response_headers":["Via"]}
X-Powered-By: Express
Access-Control-Allow-Origin: *
Etag: W/"28-p8ICH3U6iLIWK4bLo90mr1CsLSo"
Via: 1.1 vegur
CF-Cache-Status: DYNAMIC
Vary: Accept-Encoding
Server: cloudflare
CF-RAY: 83971d310b4d5cf6-MAD

{
    "updatedAt": "2023-12-22T08:49:52.879Z"
}
]]></system-out>
  </testcase>
  <testcase name="verifyBodyOfGetSingleResource" classname="com.sergii.tests.ApiTests" time="1.418"/>
  <testcase name="verifyBodyOfPostCreate" classname="com.sergii.tests.ApiTests" time="0.425">
    <failure message="Data are not equals expected [RootPost(name=Test, job=AQA, id=2, createdAt=2023-12-17T10:37:05.070Z)] but found [RootPost(name=null, job=null, id=2, createdAt=2023-12-17T10:37:05.070Z)]" type="java.lang.AssertionError"><![CDATA[java.lang.AssertionError: Data are not equals expected [RootPost(name=Test, job=AQA, id=2, createdAt=2023-12-17T10:37:05.070Z)] but found [RootPost(name=null, job=null, id=2, createdAt=2023-12-17T10:37:05.070Z)]
	at org.testng.Assert.fail(Assert.java:111)
	at org.testng.Assert.failNotEquals(Assert.java:1578)
	at org.testng.Assert.assertEqualsImpl(Assert.java:150)
	at org.testng.Assert.assertEquals(Assert.java:132)
	at com.sergii.tests.ApiTests.verifyBodyOfPostCreate(ApiTests.java:120)
	at java.base/jdk.internal.reflect.DirectMethodHandleAccessor.invoke(DirectMethodHandleAccessor.java:103)
	at java.base/java.lang.reflect.Method.invoke(Method.java:580)
	at org.testng.internal.invokers.MethodInvocationHelper.invokeMethod(MethodInvocationHelper.java:139)
	at org.testng.internal.invokers.TestInvoker.invokeMethod(TestInvoker.java:664)
	at org.testng.internal.invokers.TestInvoker.invokeTestMethod(TestInvoker.java:227)
	at org.testng.internal.invokers.MethodRunner.runInSequence(MethodRunner.java:50)
	at org.testng.internal.invokers.TestInvoker$MethodInvocationAgent.invoke(TestInvoker.java:957)
	at org.testng.internal.invokers.TestInvoker.invokeTestMethods(TestInvoker.java:200)
	at org.testng.internal.invokers.TestMethodWorker.invokeTestMethods(TestMethodWorker.java:148)
	at org.testng.internal.invokers.TestMethodWorker.run(TestMethodWorker.java:128)
	at java.base/java.util.ArrayList.forEach(ArrayList.java:1596)
	at org.testng.TestRunner.privateRun(TestRunner.java:848)
	at org.testng.TestRunner.run(TestRunner.java:621)
	at org.testng.SuiteRunner.runTest(SuiteRunner.java:443)
	at org.testng.SuiteRunner.runSequentially(SuiteRunner.java:437)
	at org.testng.SuiteRunner.privateRun(SuiteRunner.java:397)
	at org.testng.SuiteRunner.run(SuiteRunner.java:336)
	at org.testng.SuiteRunnerWorker.runSuite(SuiteRunnerWorker.java:52)
	at org.testng.SuiteRunnerWorker.run(SuiteRunnerWorker.java:95)
	at org.testng.TestNG.runSuitesSequentially(TestNG.java:1280)
	at org.testng.TestNG.runSuitesLocally(TestNG.java:1200)
	at org.testng.TestNG.runSuites(TestNG.java:1114)
	at org.testng.TestNG.run(TestNG.java:1082)
	at org.apache.maven.surefire.testng.TestNGExecutor.run(TestNGExecutor.java:155)
	at org.apache.maven.surefire.testng.TestNGDirectoryTestSuite.executeMulti(TestNGDirectoryTestSuite.java:169)
	at org.apache.maven.surefire.testng.TestNGDirectoryTestSuite.execute(TestNGDirectoryTestSuite.java:88)
	at org.apache.maven.surefire.testng.TestNGProvider.invoke(TestNGProvider.java:137)
	at org.apache.maven.surefire.booter.ForkedBooter.runSuitesInProcess(ForkedBooter.java:385)
	at org.apache.maven.surefire.booter.ForkedBooter.execute(ForkedBooter.java:162)
	at org.apache.maven.surefire.booter.ForkedBooter.run(ForkedBooter.java:507)
	at org.apache.maven.surefire.booter.ForkedBooter.main(ForkedBooter.java:495)
]]></failure>
  </testcase>
  <testcase name="verifyBodyOfPutUpdate" classname="com.sergii.tests.ApiTests" time="0.202"/>
</testsuite>