<?xml version="1.0" encoding="UTF-8"?>
<testng-results ignored="0" total="7" passed="7" failed="0" skipped="0">
  <reporter-output>
  </reporter-output>
  <suite started-at="2024-01-02T15:15:14 CET" name="Surefire suite" finished-at="2024-01-02T15:15:20 CET" duration-ms="6401">
    <groups>
    </groups>
    <test started-at="2024-01-02T15:15:14 CET" name="Surefire test" finished-at="2024-01-02T15:15:20 CET" duration-ms="6401">
      <class name="com.sergii.tests.ApiTests">
        <test-method is-config="true" signature="initTest()[pri:0, instance:com.sergii.tests.ApiTests@101ca8da]" started-at="2024-01-02T15:15:14 CET" name="initTest" finished-at="2024-01-02T15:15:15 CET" duration-ms="1048" status="PASS">
          <reporter-output>
          </reporter-output>
        </test-method> <!-- initTest -->
        <test-method signature="deleteMethodCheck()[pri:0, instance:com.sergii.tests.ApiTests@101ca8da]" started-at="2024-01-02T15:15:15 CET" name="deleteMethodCheck" finished-at="2024-01-02T15:15:18 CET" duration-ms="2956" status="PASS">
          <reporter-output>
          </reporter-output>
        </test-method> <!-- deleteMethodCheck -->
        <test-method is-config="true" signature="initTest()[pri:0, instance:com.sergii.tests.ApiTests@101ca8da]" started-at="2024-01-02T15:15:18 CET" name="initTest" finished-at="2024-01-02T15:15:18 CET" duration-ms="1" status="PASS">
          <reporter-output>
          </reporter-output>
        </test-method> <!-- initTest -->
        <test-method signature="getSingleResource()[pri:0, instance:com.sergii.tests.ApiTests@101ca8da]" started-at="2024-01-02T15:15:18 CET" name="getSingleResource" finished-at="2024-01-02T15:15:18 CET" duration-ms="255" status="PASS">
          <reporter-output>
          </reporter-output>
        </test-method> <!-- getSingleResource -->
        <test-method is-config="true" signature="initTest()[pri:0, instance:com.sergii.tests.ApiTests@101ca8da]" started-at="2024-01-02T15:15:18 CET" name="initTest" finished-at="2024-01-02T15:15:18 CET" duration-ms="0" status="PASS">
          <reporter-output>
          </reporter-output>
        </test-method> <!-- initTest -->
        <test-method signature="patchMethodCheck()[pri:0, instance:com.sergii.tests.ApiTests@101ca8da]" started-at="2024-01-02T15:15:18 CET" name="patchMethodCheck" finished-at="2024-01-02T15:15:19 CET" duration-ms="261" status="PASS">
          <reporter-output>
          </reporter-output>
        </test-method> <!-- patchMethodCheck -->
        <test-method is-config="true" signature="initTest()[pri:0, instance:com.sergii.tests.ApiTests@101ca8da]" started-at="2024-01-02T15:15:19 CET" name="initTest" finished-at="2024-01-02T15:15:19 CET" duration-ms="1" status="PASS">
          <reporter-output>
          </reporter-output>
        </test-method> <!-- initTest -->
        <test-method signature="postCreate()[pri:0, instance:com.sergii.tests.ApiTests@101ca8da]" started-at="2024-01-02T15:15:19 CET" name="postCreate" finished-at="2024-01-02T15:15:19 CET" duration-ms="207" status="PASS">
          <reporter-output>
          </reporter-output>
        </test-method> <!-- postCreate -->
        <test-method is-config="true" signature="initTest()[pri:0, instance:com.sergii.tests.ApiTests@101ca8da]" started-at="2024-01-02T15:15:19 CET" name="initTest" finished-at="2024-01-02T15:15:19 CET" duration-ms="1" status="PASS">
          <reporter-output>
          </reporter-output>
        </test-method> <!-- initTest -->
        <test-method signature="putUpdate()[pri:0, instance:com.sergii.tests.ApiTests@101ca8da]" started-at="2024-01-02T15:15:19 CET" name="putUpdate" finished-at="2024-01-02T15:15:19 CET" duration-ms="216" status="PASS">
          <reporter-output>
          </reporter-output>
        </test-method> <!-- putUpdate -->
        <test-method is-config="true" signature="initTest()[pri:0, instance:com.sergii.tests.ApiTests@101ca8da]" started-at="2024-01-02T15:15:19 CET" name="initTest" finished-at="2024-01-02T15:15:19 CET" duration-ms="1" status="PASS">
          <reporter-output>
          </reporter-output>
        </test-method> <!-- initTest -->
        <test-method signature="verifyBodyOfGetSingleResource()[pri:0, instance:com.sergii.tests.ApiTests@101ca8da]" started-at="2024-01-02T15:15:19 CET" name="verifyBodyOfGetSingleResource" finished-at="2024-01-02T15:15:20 CET" duration-ms="861" status="PASS">
          <reporter-output>
          </reporter-output>
        </test-method> <!-- verifyBodyOfGetSingleResource -->
        <test-method is-config="true" signature="initTest()[pri:0, instance:com.sergii.tests.ApiTests@101ca8da]" started-at="2024-01-02T15:15:20 CET" name="initTest" finished-at="2024-01-02T15:15:20 CET" duration-ms="0" status="PASS">
          <reporter-output>
          </reporter-output>
        </test-method> <!-- initTest -->
        <test-method signature="verifyBodyOfPostCreate()[pri:0, instance:com.sergii.tests.ApiTests@101ca8da]" started-at="2024-01-02T15:15:20 CET" name="verifyBodyOfPostCreate" finished-at="2024-01-02T15:15:20 CET" duration-ms="265" status="PASS">
          <reporter-output>
          </reporter-output>
        </test-method> <!-- verifyBodyOfPostCreate -->
      </class> <!-- com.sergii.tests.ApiTests -->
    </test> <!-- Surefire test -->
  </suite> <!-- Surefire suite -->
</testng-results>
