<?xml version="1.0" encoding="UTF-8"?>
<testsuite xmlns:xsi="http://www.w3.org/2001/XMLSchema-instance" xsi:noNamespaceSchemaLocation="https://maven.apache.org/surefire/maven-surefire-plugin/xsd/surefire-test-report-3.0.xsd" version="3.0" name="com.sergii.runner.Runner" time="10.523" tests="2" errors="0" skipped="0" failures="0">
  <properties>
[...]
</properties>
  <testcase name="runScenario[&quot;First BDD test&quot;, &quot;Unknown&quot;](1)" classname="com.sergii.runner.Runner" time="5.274">
    <system-out><![CDATA[
Scenario: First BDD test              &amp#27;[90m# src/test/resources/features/getRequest.feature:3&amp#27;[0m
  &amp#27;[32mWhen &amp#27;[0m&amp#27;[32mI sent request to user API&amp#27;[0m     &amp#27;[90m# com.sergii.stepdef.GetSteps.i_sent_request_to_user_api()&amp#27;[0m
  &amp#27;[32mThen &amp#27;[0m&amp#27;[32mUser get &amp#27;[0m&amp#27;[32m&amp#27;[1m'body.json'&amp#27;[0m&amp#27;[32m user data&amp#27;[0m &amp#27;[90m# com.sergii.stepdef.GetSteps.user_get_user_data(java.lang.String)&amp#27;[0m
]]></system-out>
  </testcase>
  <testcase name="runScenario[&quot;Second BDD test&quot;, &quot;Unknown&quot;](2)" classname="com.sergii.runner.Runner" time="0.182">
    <system-out><![CDATA[
Scenario Outline: Second BDD test              &amp#27;[90m# src/test/resources/features/getRequest.feature:13&amp#27;[0m
  &amp#27;[32mWhen &amp#27;[0m&amp#27;[32mI sent request to user API&amp#27;[0m              &amp#27;[90m# com.sergii.stepdef.GetSteps.i_sent_request_to_user_api()&amp#27;[0m
  &amp#27;[32mThen &amp#27;[0m&amp#27;[32mUser get &amp#27;[0m&amp#27;[32m&amp#27;[1mbody.json&amp#27;[0m&amp#27;[32m user data diff files&amp#27;[0m &amp#27;[90m# com.sergii.stepdef.GetSteps.user_get_body_json_user_data_diff_files(java.lang.String)&amp#27;[0m
]]></system-out>
  </testcase>
</testsuite>